-------------------------------------------------------------------------------
Test set: TestSuite
-------------------------------------------------------------------------------
Tests run: 13, Failures: 1, Errors: 0, Skipped: 0, Time elapsed: 9.242 s <<< FAILURE! - in TestSuite
getOrdersInventory on getOrdersInventory(pets.PetsTest)(pets.PetsTest)  Time elapsed: 0.681 s  <<< FAILURE!
java.lang.AssertionError: 

Expected: is <200>
     but: was <404>
	at pets.PetsTest.getOrdersInventory(PetsTest.java:43)

